# THRESHOLD FILE
# seed = 3343339796
# use_adaptive_lr
# rho = 0.001000
# momentum = 0.900000
# delay_length = 1
# lambda = 1.000000
# alpha = 0.000000
# truncate_length = 0
# block_length = 5
# divide_num = 2
# lyapunov_spectrum_size = 1
# threshold_period = 1e-06
# in_state_size = 2
# c_state_size = 20
# out_state_size = 2
# rep_init_size = 1
# output_type = STANDARD_TYPE
# target_num = 1
# target 0	length = 97
# prior_strength = 0.194000
# rep_init_variance = 1.000000
# const_init_c[0] = 0
# const_init_c[1] = 0
# const_init_c[2] = 0
# const_init_c[3] = 0
# const_init_c[4] = 0
# const_init_c[5] = 0
# const_init_c[6] = 0
# const_init_c[7] = 0
# const_init_c[8] = 0
# const_init_c[9] = 0
# const_init_c[10] = 0
# const_init_c[11] = 0
# const_init_c[12] = 0
# const_init_c[13] = 0
# const_init_c[14] = 0
# const_init_c[15] = 0
# const_init_c[16] = 0
# const_init_c[17] = 0
# const_init_c[18] = 0
# const_init_c[19] = 0
# connection_weight_ci[0] = (0,2)
# connection_weight_ci[1] = (0,2)
# connection_weight_ci[2] = (0,2)
# connection_weight_ci[3] = (0,2)
# connection_weight_ci[4] = (0,2)
# connection_weight_ci[5] = (0,2)
# connection_weight_ci[6] = (0,2)
# connection_weight_ci[7] = (0,2)
# connection_weight_ci[8] = (0,2)
# connection_weight_ci[9] = (0,2)
# connection_weight_ci[10] = (0,2)
# connection_weight_ci[11] = (0,2)
# connection_weight_ci[12] = (0,2)
# connection_weight_ci[13] = (0,2)
# connection_weight_ci[14] = (0,2)
# connection_weight_ci[15] = (0,2)
# connection_weight_ci[16] = (0,2)
# connection_weight_ci[17] = (0,2)
# connection_weight_ci[18] = (0,2)
# connection_weight_ci[19] = (0,2)
# connection_weight_cc[0] = (0,20)
# connection_weight_cc[1] = (0,20)
# connection_weight_cc[2] = (0,20)
# connection_weight_cc[3] = (0,20)
# connection_weight_cc[4] = (0,20)
# connection_weight_cc[5] = (0,20)
# connection_weight_cc[6] = (0,20)
# connection_weight_cc[7] = (0,20)
# connection_weight_cc[8] = (0,20)
# connection_weight_cc[9] = (0,20)
# connection_weight_cc[10] = (0,20)
# connection_weight_cc[11] = (0,20)
# connection_weight_cc[12] = (0,20)
# connection_weight_cc[13] = (0,20)
# connection_weight_cc[14] = (0,20)
# connection_weight_cc[15] = (0,20)
# connection_weight_cc[16] = (0,20)
# connection_weight_cc[17] = (0,20)
# connection_weight_cc[18] = (0,20)
# connection_weight_cc[19] = (0,20)
# connection_weight_oc[0] = (0,20)
# connection_weight_oc[1] = (0,20)
0	-0.940184	-0.275814	-0.107242	-0.606356	-0.558914	0.920824	-0.296617	0.933923	0.405064	-0.184734	0.789780	-0.185010	-0.539562	0.863581	-0.925477	-0.087752	0.996418	-0.816585	-0.789730	-0.485571	0.064160	-0.588551
100	-1.017531	-0.303270	-0.076777	-0.683347	-0.631825	0.978865	-0.280071	0.998247	0.441415	-0.168358	0.847487	-0.253058	-0.607045	0.891227	-0.999765	-0.061396	1.079163	-0.873156	-0.846848	-0.485647	0.071188	-0.530647
200	-1.026476	-0.314447	-0.054304	-0.694288	-0.642109	0.992091	-0.281201	1.008539	0.449605	-0.148182	0.858240	-0.270386	-0.619524	0.907302	-1.008722	-0.071763	1.089785	-0.895615	-0.855445	-0.497604	0.073873	-0.518919
300	-1.028592	-0.318334	-0.049188	-0.698902	-0.646014	0.995355	-0.285820	1.011633	0.451399	-0.136123	0.858684	-0.275394	-0.622191	0.915342	-1.011325	-0.066855	1.093638	-0.903744	-0.857095	-0.496440	0.073132	-0.512369
400	-1.030131	-0.321287	-0.050362	-0.702967	-0.649310	0.997390	-0.288865	1.014323	0.452843	-0.130253	0.859199	-0.279582	-0.624295	0.921399	-1.013370	-0.060995	1.096967	-0.909802	-0.858564	-0.491885	0.069627	-0.511721
500	-1.031433	-0.323650	-0.052547	-0.706218	-0.651797	0.998940	-0.288163	1.016554	0.453587	-0.126827	0.859518	-0.283186	-0.625766	0.925355	-1.014966	-0.054828	1.099725	-0.914618	-0.859694	-0.486473	0.064472	-0.512551
600	-1.032538	-0.325452	-0.054505	-0.708669	-0.653530	1.000222	-0.285481	1.018286	0.454003	-0.124272	0.859358	-0.285962	-0.626547	0.927804	-1.016157	-0.049725	1.101832	-0.918232	-0.860613	-0.481359	0.058748	-0.513894
700	-1.033620	-0.327145	-0.055875	-0.710764	-0.654939	1.001498	-0.282392	1.019823	0.454672	-0.122579	0.859030	-0.288305	-0.627074	0.929583	-1.017200	-0.045936	1.103621	-0.921182	-0.861635	-0.476690	0.052220	-0.515953
800	-1.034593	-0.328390	-0.057129	-0.712501	-0.656096	1.002640	-0.278721	1.021133	0.455109	-0.120864	0.858809	-0.290296	-0.627559	0.930905	-1.018072	-0.042828	1.105110	-0.923531	-0.862553	-0.472592	0.046849	-0.517149
900	-1.035532	-0.329498	-0.057994	-0.714093	-0.657154	1.003762	-0.275373	1.022364	0.455526	-0.119687	0.858656	-0.292090	-0.628079	0.932007	-1.018878	-0.040637	1.106452	-0.925559	-0.863444	-0.468802	0.041195	-0.518433
1000	-1.036365	-0.330352	-0.058591	-0.715463	-0.658096	1.004768	-0.272513	1.023451	0.455807	-0.118840	0.858777	-0.293648	-0.628720	0.932905	-1.019580	-0.039187	1.107589	-0.927189	-0.864222	-0.465636	0.036376	-0.519335
1100	-1.037058	-0.330813	-0.059033	-0.716607	-0.658913	1.005583	-0.269936	1.024366	0.455755	-0.117983	0.859052	-0.294955	-0.629404	0.933632	-1.020152	-0.038324	1.108518	-0.928476	-0.864802	-0.462840	0.032795	-0.519782
1200	-1.037612	-0.331244	-0.059215	-0.717529	-0.659592	1.006269	-0.268575	1.025117	0.455775	-0.117999	0.859388	-0.295957	-0.630054	0.934199	-1.020616	-0.038117	1.109234	-0.929428	-0.865263	-0.461052	0.029249	-0.520302
1300	-1.038053	-0.331347	-0.059316	-0.718262	-0.660166	1.006778	-0.267039	1.025719	0.455531	-0.117495	0.859870	-0.296804	-0.630703	0.934651	-1.020975	-0.038135	1.109808	-0.930173	-0.865571	-0.459336	0.027522	-0.520349
1400	-1.038556	-0.331546	-0.059353	-0.719073	-0.660842	1.007387	-0.265613	1.026408	0.455374	-0.117252	0.860715	-0.297778	-0.631576	0.935155	-1.021396	-0.038396	1.110446	-0.930969	-0.865946	-0.457566	0.025889	-0.520367
1500	-1.038915	-0.331915	-0.059401	-0.719653	-0.661334	1.007878	-0.265314	1.026911	0.455483	-0.117810	0.861385	-0.298433	-0.632237	0.935510	-1.021710	-0.038823	1.110886	-0.931505	-0.866235	-0.456766	0.023775	-0.520490
1600	-1.039369	-0.332276	-0.059387	-0.720349	-0.661969	1.008478	-0.264439	1.027530	0.455540	-0.117837	0.862553	-0.299318	-0.633191	0.935953	-1.022100	-0.039410	1.111440	-0.932174	-0.866590	-0.455349	0.022542	-0.520349
1700	-1.039786	-0.332669	-0.059372	-0.720966	-0.662561	1.009041	-0.263679	1.028091	0.455676	-0.117810	0.863808	-0.300135	-0.634135	0.936363	-1.022460	-0.040012	1.111937	-0.932770	-0.866929	-0.453983	0.021617	-0.520153
1800	-1.040187	-0.333013	-0.059308	-0.721537	-0.663141	1.009570	-0.262696	1.028617	0.455803	-0.117388	0.865182	-0.300940	-0.635104	0.936768	-1.022801	-0.040574	1.112408	-0.933333	-0.867260	-0.452404	0.021348	-0.519885
1900	-1.040531	-0.333391	-0.059306	-0.722029	-0.663654	1.010040	-0.262162	1.029074	0.456001	-0.117334	0.866403	-0.301611	-0.635963	0.937135	-1.023099	-0.041125	1.112800	-0.933800	-0.867558	-0.451176	0.020464	-0.519687
2000	-1.040864	-0.333742	-0.059282	-0.722490	-0.664155	1.010485	-0.261440	1.029508	0.456223	-0.116991	0.867675	-0.302277	-0.636826	0.937504	-1.023388	-0.041490	1.113177	-0.934244	-0.867870	-0.449795	0.020012	-0.519516
