This file contains any messages produced by compilers while
running configure, to aid debugging if configure makes a mistake.

It was created by rnn configure 1.0, which was
generated by GNU Autoconf 2.69.  Invocation command line was

  $ ./configure --prefix=/home/yiwen CC=gcc CFLAGS=-Wall -Wextra -Wno-unused-parameter -O3

## --------- ##
## Platform. ##
## --------- ##

hostname = yiwen-OptiPlex-9020
uname -m = x86_64
uname -r = 3.13.0-32-generic
uname -s = Linux
uname -v = #57~precise1-Ubuntu SMP Tue Jul 15 03:51:20 UTC 2014

/usr/bin/uname -p = unknown
/bin/uname -X     = unknown

/bin/arch              = unknown
/usr/bin/arch -k       = unknown
/usr/convex/getsysinfo = unknown
/usr/bin/hostinfo      = unknown
/bin/machine           = unknown
/usr/bin/oslevel       = unknown
/bin/universe          = unknown

PATH: /home/yiwen/bin
PATH: /usr/lib/lightdm/lightdm
PATH: /usr/local/sbin
PATH: /usr/local/bin
PATH: /usr/sbin
PATH: /usr/bin
PATH: /sbin
PATH: /bin
PATH: /usr/games
PATH: /home/yiwen/Desktop/rnn/src/python


## ----------- ##
## Core tests. ##
## ----------- ##

configure:2357: checking for a BSD-compatible install
configure:2425: result: /usr/bin/install -c
configure:2436: checking whether build environment is sane
configure:2486: result: yes
configure:2627: checking for a thread-safe mkdir -p
configure:2666: result: /bin/mkdir -p
configure:2679: checking for gawk
configure:2709: result: no
configure:2679: checking for mawk
configure:2695: found /usr/bin/mawk
configure:2706: result: mawk
configure:2717: checking whether make sets $(MAKE)
configure:2739: result: yes
configure:2837: checking for style of include used by make
configure:2865: result: GNU
configure:2936: checking for gcc
configure:2963: result: gcc
configure:3192: checking for C compiler version
configure:3201: gcc --version >&5
gcc (Ubuntu/Linaro 4.6.3-1ubuntu5) 4.6.3
Copyright (C) 2011 Free Software Foundation, Inc.
This is free software; see the source for copying conditions.  There is NO
warranty; not even for MERCHANTABILITY or FITNESS FOR A PARTICULAR PURPOSE.

configure:3212: $? = 0
configure:3201: gcc -v >&5
Using built-in specs.
COLLECT_GCC=gcc
COLLECT_LTO_WRAPPER=/usr/lib/gcc/x86_64-linux-gnu/4.6/lto-wrapper
Target: x86_64-linux-gnu
Configured with: ../src/configure -v --with-pkgversion='Ubuntu/Linaro 4.6.3-1ubuntu5' --with-bugurl=file:///usr/share/doc/gcc-4.6/README.Bugs --enable-languages=c,c++,fortran,objc,obj-c++ --prefix=/usr --program-suffix=-4.6 --enable-shared --enable-linker-build-id --with-system-zlib --libexecdir=/usr/lib --without-included-gettext --enable-threads=posix --with-gxx-include-dir=/usr/include/c++/4.6 --libdir=/usr/lib --enable-nls --with-sysroot=/ --enable-clocale=gnu --enable-libstdcxx-debug --enable-libstdcxx-time=yes --enable-gnu-unique-object --enable-plugin --enable-objc-gc --disable-werror --with-arch-32=i686 --with-tune=generic --enable-checking=release --build=x86_64-linux-gnu --host=x86_64-linux-gnu --target=x86_64-linux-gnu
Thread model: posix
gcc version 4.6.3 (Ubuntu/Linaro 4.6.3-1ubuntu5) 
configure:3212: $? = 0
configure:3201: gcc -V >&5
gcc: error: unrecognized option '-V'
gcc: fatal error: no input files
compilation terminated.
configure:3212: $? = 4
configure:3201: gcc -qversion >&5
gcc: error: unrecognized option '-qversion'
gcc: fatal error: no input files
compilation terminated.
configure:3212: $? = 4
configure:3232: checking whether the C compiler works
configure:3254: gcc -Wall -Wextra -Wno-unused-parameter -O3   conftest.c  >&5
configure:3258: $? = 0
configure:3306: result: yes
configure:3309: checking for C compiler default output file name
configure:3311: result: a.out
configure:3317: checking for suffix of executables
configure:3324: gcc -o conftest -Wall -Wextra -Wno-unused-parameter -O3   conftest.c  >&5
configure:3328: $? = 0
configure:3350: result: 
configure:3372: checking whether we are cross compiling
configure:3380: gcc -o conftest -Wall -Wextra -Wno-unused-parameter -O3   conftest.c  >&5
configure:3384: $? = 0
configure:3391: ./conftest
configure:3395: $? = 0
configure:3410: result: no
configure:3415: checking for suffix of object files
configure:3437: gcc -c -Wall -Wextra -Wno-unused-parameter -O3  conftest.c >&5
configure:3441: $? = 0
configure:3462: result: o
configure:3466: checking whether we are using the GNU C compiler
configure:3485: gcc -c -Wall -Wextra -Wno-unused-parameter -O3  conftest.c >&5
configure:3485: $? = 0
configure:3494: result: yes
configure:3503: checking whether gcc accepts -g
configure:3523: gcc -c -g  conftest.c >&5
configure:3523: $? = 0
configure:3564: result: yes
configure:3581: checking for gcc option to accept ISO C89
configure:3644: gcc  -c -Wall -Wextra -Wno-unused-parameter -O3  conftest.c >&5
configure:3644: $? = 0
configure:3657: result: none needed
configure:3679: checking dependency style of gcc
configure:3790: result: gcc3
configure:3855: checking for ar
configure:3871: found /usr/bin/ar
configure:3882: result: ar
configure:3908: checking the archiver (ar) interface
configure:3918: gcc -c -Wall -Wextra -Wno-unused-parameter -O3  conftest.c >&5
configure:3918: $? = 0
configure:3920: ar cru libconftest.a conftest.o >&5
configure:3923: $? = 0
configure:3946: result: ar
configure:3968: checking for gcc option to accept ISO C99
configure:4117: gcc  -c -Wall -Wextra -Wno-unused-parameter -O3  conftest.c >&5
conftest.c:61:29: error: expected ';', ',' or ')' before 'text'
conftest.c: In function 'test_varargs':
conftest.c:82:9: warning: variable 'fnumber' set but not used [-Wunused-but-set-variable]
conftest.c:81:7: warning: variable 'number' set but not used [-Wunused-but-set-variable]
conftest.c:80:15: warning: variable 'str' set but not used [-Wunused-but-set-variable]
conftest.c: In function 'main':
conftest.c:113:3: warning: implicit declaration of function 'test_restrict' [-Wimplicit-function-declaration]
conftest.c:115:18: error: expected '=', ',', ';', 'asm' or '__attribute__' before 'newvar'
conftest.c:115:18: error: 'newvar' undeclared (first use in this function)
conftest.c:115:18: note: each undeclared identifier is reported only once for each function it appears in
conftest.c:125:3: error: 'for' loop initial declarations are only allowed in C99 mode
conftest.c:125:3: note: use option -std=c99 or -std=gnu99 to compile your code
configure:4117: $? = 1
configure: failed program was:
| /* confdefs.h */
| #define PACKAGE_NAME "rnn"
| #define PACKAGE_TARNAME "rnn"
| #define PACKAGE_VERSION "1.0"
| #define PACKAGE_STRING "rnn 1.0"
| #define PACKAGE_BUGREPORT "jnamika@gmail.com"
| #define PACKAGE_URL ""
| #define PACKAGE "rnn"
| #define VERSION "1.0"
| /* end confdefs.h.  */
| #include <stdarg.h>
| #include <stdbool.h>
| #include <stdlib.h>
| #include <wchar.h>
| #include <stdio.h>
| 
| // Check varargs macros.  These examples are taken from C99 6.10.3.5.
| #define debug(...) fprintf (stderr, __VA_ARGS__)
| #define showlist(...) puts (#__VA_ARGS__)
| #define report(test,...) ((test) ? puts (#test) : printf (__VA_ARGS__))
| static void
| test_varargs_macros (void)
| {
|   int x = 1234;
|   int y = 5678;
|   debug ("Flag");
|   debug ("X = %d\n", x);
|   showlist (The first, second, and third items.);
|   report (x>y, "x is %d but y is %d", x, y);
| }
| 
| // Check long long types.
| #define BIG64 18446744073709551615ull
| #define BIG32 4294967295ul
| #define BIG_OK (BIG64 / BIG32 == 4294967297ull && BIG64 % BIG32 == 0)
| #if !BIG_OK
|   your preprocessor is broken;
| #endif
| #if BIG_OK
| #else
|   your preprocessor is broken;
| #endif
| static long long int bignum = -9223372036854775807LL;
| static unsigned long long int ubignum = BIG64;
| 
| struct incomplete_array
| {
|   int datasize;
|   double data[];
| };
| 
| struct named_init {
|   int number;
|   const wchar_t *name;
|   double average;
| };
| 
| typedef const char *ccp;
| 
| static inline int
| test_restrict (ccp restrict text)
| {
|   // See if C++-style comments work.
|   // Iterate through items via the restricted pointer.
|   // Also check for declarations in for loops.
|   for (unsigned int i = 0; *(text+i) != '\0'; ++i)
|     continue;
|   return 0;
| }
| 
| // Check varargs and va_copy.
| static void
| test_varargs (const char *format, ...)
| {
|   va_list args;
|   va_start (args, format);
|   va_list args_copy;
|   va_copy (args_copy, args);
| 
|   const char *str;
|   int number;
|   float fnumber;
| 
|   while (*format)
|     {
|       switch (*format++)
| 	{
| 	case 's': // string
| 	  str = va_arg (args_copy, const char *);
| 	  break;
| 	case 'd': // int
| 	  number = va_arg (args_copy, int);
| 	  break;
| 	case 'f': // float
| 	  fnumber = va_arg (args_copy, double);
| 	  break;
| 	default:
| 	  break;
| 	}
|     }
|   va_end (args_copy);
|   va_end (args);
| }
| 
| int
| main ()
| {
| 
|   // Check bool.
|   _Bool success = false;
| 
|   // Check restrict.
|   if (test_restrict ("String literal") == 0)
|     success = true;
|   char *restrict newvar = "Another string";
| 
|   // Check varargs.
|   test_varargs ("s, d' f .", "string", 65, 34.234);
|   test_varargs_macros ();
| 
|   // Check flexible array members.
|   struct incomplete_array *ia =
|     malloc (sizeof (struct incomplete_array) + (sizeof (double) * 10));
|   ia->datasize = 10;
|   for (int i = 0; i < ia->datasize; ++i)
|     ia->data[i] = i * 1.234;
| 
|   // Check named initializers.
|   struct named_init ni = {
|     .number = 34,
|     .name = L"Test wide string",
|     .average = 543.34343,
|   };
| 
|   ni.number = 58;
| 
|   int dynamic_array[ni.number];
|   dynamic_array[ni.number - 1] = 543;
| 
|   // work around unused variable warnings
|   return (!success || bignum == 0LL || ubignum == 0uLL || newvar[0] == 'x'
| 	  || dynamic_array[ni.number - 1] != 543);
| 
|   ;
|   return 0;
| }
configure:4117: gcc -std=gnu99 -c -Wall -Wextra -Wno-unused-parameter -O3  conftest.c >&5
conftest.c: In function 'test_varargs':
conftest.c:82:9: warning: variable 'fnumber' set but not used [-Wunused-but-set-variable]
conftest.c:81:7: warning: variable 'number' set but not used [-Wunused-but-set-variable]
conftest.c:80:15: warning: variable 'str' set but not used [-Wunused-but-set-variable]
configure:4117: $? = 0
configure:4137: result: -std=gnu99
configure:4153: checking for gcc -std=gnu99 option to support OpenMP
configure:4168: gcc -std=gnu99 -o conftest -Wall -Wextra -Wno-unused-parameter -O3   conftest.c  >&5
conftest.c:13:2: error: unknown type name 'choke'
In file included from conftest.c:15:0:
/usr/lib/gcc/x86_64-linux-gnu/4.6/include/omp.h:34:1: error: expected '=', ',', ';', 'asm' or '__attribute__' before 'typedef'
configure:4168: $? = 1
configure: failed program was:
| /* confdefs.h */
| #define PACKAGE_NAME "rnn"
| #define PACKAGE_TARNAME "rnn"
| #define PACKAGE_VERSION "1.0"
| #define PACKAGE_STRING "rnn 1.0"
| #define PACKAGE_BUGREPORT "jnamika@gmail.com"
| #define PACKAGE_URL ""
| #define PACKAGE "rnn"
| #define VERSION "1.0"
| /* end confdefs.h.  */
| 
| #ifndef _OPENMP
|  choke me
| #endif
| #include <omp.h>
| int main () { return omp_get_num_threads (); }
| 
configure:4186: gcc -std=gnu99 -o conftest -Wall -Wextra -Wno-unused-parameter -O3 -fopenmp   conftest.c  >&5
configure:4186: $? = 0
configure:4200: result: -fopenmp
configure:4240: checking build system type
configure:4254: result: x86_64-unknown-linux-gnu
configure:4274: checking host system type
configure:4287: result: x86_64-unknown-linux-gnu
configure:4328: checking how to print strings
configure:4355: result: printf
configure:4376: checking for a sed that does not truncate output
configure:4440: result: /bin/sed
configure:4458: checking for grep that handles long lines and -e
configure:4516: result: /bin/grep
configure:4521: checking for egrep
configure:4583: result: /bin/grep -E
configure:4588: checking for fgrep
configure:4650: result: /bin/grep -F
configure:4685: checking for ld used by gcc -std=gnu99
configure:4752: result: /usr/bin/ld
configure:4759: checking if the linker (/usr/bin/ld) is GNU ld
configure:4774: result: yes
configure:4786: checking for BSD- or MS-compatible name lister (nm)
configure:4835: result: /usr/bin/nm -B
configure:4965: checking the name lister (/usr/bin/nm -B) interface
configure:4972: gcc -std=gnu99 -c -Wall -Wextra -Wno-unused-parameter -O3  conftest.c >&5
configure:4975: /usr/bin/nm -B "conftest.o"
configure:4978: output
0000000000000000 B some_variable
configure:4985: result: BSD nm
configure:4988: checking whether ln -s works
configure:4992: result: yes
configure:5000: checking the maximum length of command line arguments
configure:5125: result: 1572864
configure:5142: checking whether the shell understands some XSI constructs
configure:5152: result: yes
configure:5156: checking whether the shell understands "+="
configure:5162: result: yes
configure:5197: checking how to convert x86_64-unknown-linux-gnu file names to x86_64-unknown-linux-gnu format
configure:5237: result: func_convert_file_noop
configure:5244: checking how to convert x86_64-unknown-linux-gnu file names to toolchain format
configure:5264: result: func_convert_file_noop
configure:5271: checking for /usr/bin/ld option to reload object files
configure:5278: result: -r
configure:5352: checking for objdump
configure:5368: found /usr/bin/objdump
configure:5379: result: objdump
configure:5411: checking how to recognize dependent libraries
configure:5613: result: pass_all
configure:5698: checking for dlltool
configure:5728: result: no
configure:5758: checking how to associate runtime and link libraries
configure:5785: result: printf %s\n
configure:5909: checking for archiver @FILE support
configure:5926: gcc -std=gnu99 -c -Wall -Wextra -Wno-unused-parameter -O3  conftest.c >&5
configure:5926: $? = 0
configure:5929: ar cru libconftest.a @conftest.lst >&5
configure:5932: $? = 0
configure:5937: ar cru libconftest.a @conftest.lst >&5
ar: conftest.o: No such file or directory
configure:5940: $? = 1
configure:5952: result: @
configure:6010: checking for strip
configure:6026: found /usr/bin/strip
configure:6037: result: strip
configure:6109: checking for ranlib
configure:6125: found /usr/bin/ranlib
configure:6136: result: ranlib
configure:6238: checking command to parse /usr/bin/nm -B output from gcc -std=gnu99 object
configure:6357: gcc -std=gnu99 -c -Wall -Wextra -Wno-unused-parameter -O3  conftest.c >&5
configure:6360: $? = 0
configure:6364: /usr/bin/nm -B conftest.o \| sed -n -e 's/^.*[ ]\([ABCDGIRSTW][ABCDGIRSTW]*\)[ ][ ]*\([_A-Za-z][_A-Za-z0-9]*\)$/\1 \2 \2/p' | sed '/ __gnu_lto/d' \> conftest.nm
configure:6367: $? = 0
configure:6433: gcc -std=gnu99 -o conftest -Wall -Wextra -Wno-unused-parameter -O3   conftest.c conftstm.o >&5
configure:6436: $? = 0
configure:6474: result: ok
configure:6511: checking for sysroot
configure:6541: result: no
configure:6618: gcc -std=gnu99 -c -Wall -Wextra -Wno-unused-parameter -O3  conftest.c >&5
configure:6621: $? = 0
configure:6784: checking for mt
configure:6800: found /bin/mt
configure:6811: result: mt
configure:6834: checking if mt is a manifest tool
configure:6840: mt '-?'
configure:6848: result: no
configure:7480: checking how to run the C preprocessor
configure:7511: gcc -std=gnu99 -E  conftest.c
configure:7511: $? = 0
configure:7525: gcc -std=gnu99 -E  conftest.c
conftest.c:11:28: fatal error: ac_nonexistent.h: No such file or directory
compilation terminated.
configure:7525: $? = 1
configure: failed program was:
| /* confdefs.h */
| #define PACKAGE_NAME "rnn"
| #define PACKAGE_TARNAME "rnn"
| #define PACKAGE_VERSION "1.0"
| #define PACKAGE_STRING "rnn 1.0"
| #define PACKAGE_BUGREPORT "jnamika@gmail.com"
| #define PACKAGE_URL ""
| #define PACKAGE "rnn"
| #define VERSION "1.0"
| /* end confdefs.h.  */
| #include <ac_nonexistent.h>
configure:7550: result: gcc -std=gnu99 -E
configure:7570: gcc -std=gnu99 -E  conftest.c
configure:7570: $? = 0
configure:7584: gcc -std=gnu99 -E  conftest.c
conftest.c:11:28: fatal error: ac_nonexistent.h: No such file or directory
compilation terminated.
configure:7584: $? = 1
configure: failed program was:
| /* confdefs.h */
| #define PACKAGE_NAME "rnn"
| #define PACKAGE_TARNAME "rnn"
| #define PACKAGE_VERSION "1.0"
| #define PACKAGE_STRING "rnn 1.0"
| #define PACKAGE_BUGREPORT "jnamika@gmail.com"
| #define PACKAGE_URL ""
| #define PACKAGE "rnn"
| #define VERSION "1.0"
| /* end confdefs.h.  */
| #include <ac_nonexistent.h>
configure:7613: checking for ANSI C header files
configure:7633: gcc -std=gnu99 -c -Wall -Wextra -Wno-unused-parameter -O3  conftest.c >&5
configure:7633: $? = 0
configure:7706: gcc -std=gnu99 -o conftest -Wall -Wextra -Wno-unused-parameter -O3   conftest.c  >&5
configure:7706: $? = 0
configure:7706: ./conftest
configure:7706: $? = 0
configure:7717: result: yes
configure:7730: checking for sys/types.h
configure:7730: gcc -std=gnu99 -c -Wall -Wextra -Wno-unused-parameter -O3  conftest.c >&5
configure:7730: $? = 0
configure:7730: result: yes
configure:7730: checking for sys/stat.h
configure:7730: gcc -std=gnu99 -c -Wall -Wextra -Wno-unused-parameter -O3  conftest.c >&5
configure:7730: $? = 0
configure:7730: result: yes
configure:7730: checking for stdlib.h
configure:7730: gcc -std=gnu99 -c -Wall -Wextra -Wno-unused-parameter -O3  conftest.c >&5
configure:7730: $? = 0
configure:7730: result: yes
configure:7730: checking for string.h
configure:7730: gcc -std=gnu99 -c -Wall -Wextra -Wno-unused-parameter -O3  conftest.c >&5
configure:7730: $? = 0
configure:7730: result: yes
configure:7730: checking for memory.h
configure:7730: gcc -std=gnu99 -c -Wall -Wextra -Wno-unused-parameter -O3  conftest.c >&5
configure:7730: $? = 0
configure:7730: result: yes
configure:7730: checking for strings.h
configure:7730: gcc -std=gnu99 -c -Wall -Wextra -Wno-unused-parameter -O3  conftest.c >&5
configure:7730: $? = 0
configure:7730: result: yes
configure:7730: checking for inttypes.h
configure:7730: gcc -std=gnu99 -c -Wall -Wextra -Wno-unused-parameter -O3  conftest.c >&5
configure:7730: $? = 0
configure:7730: result: yes
configure:7730: checking for stdint.h
configure:7730: gcc -std=gnu99 -c -Wall -Wextra -Wno-unused-parameter -O3  conftest.c >&5
configure:7730: $? = 0
configure:7730: result: yes
configure:7730: checking for unistd.h
configure:7730: gcc -std=gnu99 -c -Wall -Wextra -Wno-unused-parameter -O3  conftest.c >&5
configure:7730: $? = 0
configure:7730: result: yes
configure:7744: checking for dlfcn.h
configure:7744: gcc -std=gnu99 -c -Wall -Wextra -Wno-unused-parameter -O3  conftest.c >&5
configure:7744: $? = 0
configure:7744: result: yes
configure:7931: checking for objdir
configure:7946: result: .libs
configure:8217: checking if gcc -std=gnu99 supports -fno-rtti -fno-exceptions
configure:8235: gcc -std=gnu99 -c -Wall -Wextra -Wno-unused-parameter -O3  -fno-rtti -fno-exceptions conftest.c >&5
cc1: warning: command line option '-fno-rtti' is valid for C++/ObjC++ but not for C [enabled by default]
configure:8239: $? = 0
configure:8252: result: no
configure:8562: checking for gcc -std=gnu99 option to produce PIC
configure:8569: result: -fPIC -DPIC
configure:8577: checking if gcc -std=gnu99 PIC flag -fPIC -DPIC works
configure:8595: gcc -std=gnu99 -c -Wall -Wextra -Wno-unused-parameter -O3  -fPIC -DPIC -DPIC conftest.c >&5
configure:8599: $? = 0
configure:8612: result: yes
configure:8641: checking if gcc -std=gnu99 static flag -static works
configure:8669: result: yes
configure:8684: checking if gcc -std=gnu99 supports -c -o file.o
configure:8705: gcc -std=gnu99 -c -Wall -Wextra -Wno-unused-parameter -O3  -o out/conftest2.o conftest.c >&5
configure:8709: $? = 0
configure:8731: result: yes
configure:8739: checking if gcc -std=gnu99 supports -c -o file.o
configure:8786: result: yes
configure:8819: checking whether the gcc -std=gnu99 linker (/usr/bin/ld -m elf_x86_64) supports shared libraries
configure:9977: result: yes
configure:10014: checking whether -lc should be explicitly linked in
configure:10022: gcc -std=gnu99 -c -Wall -Wextra -Wno-unused-parameter -O3  conftest.c >&5
configure:10025: $? = 0
configure:10040: gcc -std=gnu99 -shared  -fPIC -DPIC conftest.o  -v -Wl,-soname -Wl,conftest -o conftest 2\>\&1 \| /bin/grep  -lc  \>/dev/null 2\>\&1
configure:10043: $? = 0
configure:10057: result: no
configure:10222: checking dynamic linker characteristics
configure:10736: gcc -std=gnu99 -o conftest -Wall -Wextra -Wno-unused-parameter -O3   -Wl,-rpath -Wl,/foo conftest.c  >&5
configure:10736: $? = 0
configure:10958: result: GNU/Linux ld.so
configure:11065: checking how to hardcode library paths into programs
configure:11090: result: immediate
configure:11630: checking whether stripping libraries is possible
configure:11635: result: yes
configure:11670: checking if libtool supports shared libraries
configure:11672: result: yes
configure:11675: checking whether to build shared libraries
configure:11696: result: yes
configure:11699: checking whether to build static libraries
configure:11703: result: yes
configure:11740: checking for main in -lm
configure:11759: gcc -std=gnu99 -o conftest -Wall -Wextra -Wno-unused-parameter -O3   conftest.c -lm   >&5
configure:11759: $? = 0
configure:11768: result: yes
configure:11784: checking float.h usability
configure:11784: gcc -std=gnu99 -c -Wall -Wextra -Wno-unused-parameter -O3  conftest.c >&5
configure:11784: $? = 0
configure:11784: result: yes
configure:11784: checking float.h presence
configure:11784: gcc -std=gnu99 -E  conftest.c
configure:11784: $? = 0
configure:11784: result: yes
configure:11784: checking for float.h
configure:11784: result: yes
configure:11784: checking limits.h usability
configure:11784: gcc -std=gnu99 -c -Wall -Wextra -Wno-unused-parameter -O3  conftest.c >&5
configure:11784: $? = 0
configure:11784: result: yes
configure:11784: checking limits.h presence
configure:11784: gcc -std=gnu99 -E  conftest.c
configure:11784: $? = 0
configure:11784: result: yes
configure:11784: checking for limits.h
configure:11784: result: yes
configure:11784: checking stddef.h usability
configure:11784: gcc -std=gnu99 -c -Wall -Wextra -Wno-unused-parameter -O3  conftest.c >&5
configure:11784: $? = 0
configure:11784: result: yes
configure:11784: checking stddef.h presence
configure:11784: gcc -std=gnu99 -E  conftest.c
configure:11784: $? = 0
configure:11784: result: yes
configure:11784: checking for stddef.h
configure:11784: result: yes
configure:11784: checking for stdint.h
configure:11784: result: yes
configure:11784: checking for stdlib.h
configure:11784: result: yes
configure:11784: checking for string.h
configure:11784: result: yes
configure:11784: checking for unistd.h
configure:11784: result: yes
configure:11795: checking whether to enable assertions
configure:11813: result: yes
configure:11841: checking for inline
configure:11857: gcc -std=gnu99 -c -Wall -Wextra -Wno-unused-parameter -O3  conftest.c >&5
configure:11857: $? = 0
configure:11865: result: inline
configure:11883: checking for C/C++ restrict keyword
configure:11908: gcc -std=gnu99 -c -Wall -Wextra -Wno-unused-parameter -O3  conftest.c >&5
configure:11908: $? = 0
configure:11916: result: __restrict
configure:11929: checking for size_t
configure:11929: gcc -std=gnu99 -c -Wall -Wextra -Wno-unused-parameter -O3  conftest.c >&5
configure:11929: $? = 0
configure:11929: gcc -std=gnu99 -c -Wall -Wextra -Wno-unused-parameter -O3  conftest.c >&5
conftest.c: In function 'main':
conftest.c:68:21: error: expected expression before ')' token
configure:11929: $? = 1
configure: failed program was:
| /* confdefs.h */
| #define PACKAGE_NAME "rnn"
| #define PACKAGE_TARNAME "rnn"
| #define PACKAGE_VERSION "1.0"
| #define PACKAGE_STRING "rnn 1.0"
| #define PACKAGE_BUGREPORT "jnamika@gmail.com"
| #define PACKAGE_URL ""
| #define PACKAGE "rnn"
| #define VERSION "1.0"
| #define STDC_HEADERS 1
| #define HAVE_SYS_TYPES_H 1
| #define HAVE_SYS_STAT_H 1
| #define HAVE_STDLIB_H 1
| #define HAVE_STRING_H 1
| #define HAVE_MEMORY_H 1
| #define HAVE_STRINGS_H 1
| #define HAVE_INTTYPES_H 1
| #define HAVE_STDINT_H 1
| #define HAVE_UNISTD_H 1
| #define HAVE_DLFCN_H 1
| #define LT_OBJDIR ".libs/"
| #define HAVE_LIBM 1
| #define HAVE_FLOAT_H 1
| #define HAVE_LIMITS_H 1
| #define HAVE_STDDEF_H 1
| #define HAVE_STDINT_H 1
| #define HAVE_STDLIB_H 1
| #define HAVE_STRING_H 1
| #define HAVE_UNISTD_H 1
| #define restrict __restrict
| /* end confdefs.h.  */
| #include <stdio.h>
| #ifdef HAVE_SYS_TYPES_H
| # include <sys/types.h>
| #endif
| #ifdef HAVE_SYS_STAT_H
| # include <sys/stat.h>
| #endif
| #ifdef STDC_HEADERS
| # include <stdlib.h>
| # include <stddef.h>
| #else
| # ifdef HAVE_STDLIB_H
| #  include <stdlib.h>
| # endif
| #endif
| #ifdef HAVE_STRING_H
| # if !defined STDC_HEADERS && defined HAVE_MEMORY_H
| #  include <memory.h>
| # endif
| # include <string.h>
| #endif
| #ifdef HAVE_STRINGS_H
| # include <strings.h>
| #endif
| #ifdef HAVE_INTTYPES_H
| # include <inttypes.h>
| #endif
| #ifdef HAVE_STDINT_H
| # include <stdint.h>
| #endif
| #ifdef HAVE_UNISTD_H
| # include <unistd.h>
| #endif
| int
| main ()
| {
| if (sizeof ((size_t)))
| 	    return 0;
|   ;
|   return 0;
| }
configure:11929: result: yes
configure:11940: checking for ssize_t
configure:11940: gcc -std=gnu99 -c -Wall -Wextra -Wno-unused-parameter -O3  conftest.c >&5
configure:11940: $? = 0
configure:11940: gcc -std=gnu99 -c -Wall -Wextra -Wno-unused-parameter -O3  conftest.c >&5
conftest.c: In function 'main':
conftest.c:68:22: error: expected expression before ')' token
configure:11940: $? = 1
configure: failed program was:
| /* confdefs.h */
| #define PACKAGE_NAME "rnn"
| #define PACKAGE_TARNAME "rnn"
| #define PACKAGE_VERSION "1.0"
| #define PACKAGE_STRING "rnn 1.0"
| #define PACKAGE_BUGREPORT "jnamika@gmail.com"
| #define PACKAGE_URL ""
| #define PACKAGE "rnn"
| #define VERSION "1.0"
| #define STDC_HEADERS 1
| #define HAVE_SYS_TYPES_H 1
| #define HAVE_SYS_STAT_H 1
| #define HAVE_STDLIB_H 1
| #define HAVE_STRING_H 1
| #define HAVE_MEMORY_H 1
| #define HAVE_STRINGS_H 1
| #define HAVE_INTTYPES_H 1
| #define HAVE_STDINT_H 1
| #define HAVE_UNISTD_H 1
| #define HAVE_DLFCN_H 1
| #define LT_OBJDIR ".libs/"
| #define HAVE_LIBM 1
| #define HAVE_FLOAT_H 1
| #define HAVE_LIMITS_H 1
| #define HAVE_STDDEF_H 1
| #define HAVE_STDINT_H 1
| #define HAVE_STDLIB_H 1
| #define HAVE_STRING_H 1
| #define HAVE_UNISTD_H 1
| #define restrict __restrict
| /* end confdefs.h.  */
| #include <stdio.h>
| #ifdef HAVE_SYS_TYPES_H
| # include <sys/types.h>
| #endif
| #ifdef HAVE_SYS_STAT_H
| # include <sys/stat.h>
| #endif
| #ifdef STDC_HEADERS
| # include <stdlib.h>
| # include <stddef.h>
| #else
| # ifdef HAVE_STDLIB_H
| #  include <stdlib.h>
| # endif
| #endif
| #ifdef HAVE_STRING_H
| # if !defined STDC_HEADERS && defined HAVE_MEMORY_H
| #  include <memory.h>
| # endif
| # include <string.h>
| #endif
| #ifdef HAVE_STRINGS_H
| # include <strings.h>
| #endif
| #ifdef HAVE_INTTYPES_H
| # include <inttypes.h>
| #endif
| #ifdef HAVE_STDINT_H
| # include <stdint.h>
| #endif
| #ifdef HAVE_UNISTD_H
| # include <unistd.h>
| #endif
| int
| main ()
| {
| if (sizeof ((ssize_t)))
| 	    return 0;
|   ;
|   return 0;
| }
configure:11940: result: yes
configure:11951: checking for uint32_t
configure:11951: gcc -std=gnu99 -c -Wall -Wextra -Wno-unused-parameter -O3  conftest.c >&5
configure:11951: $? = 0
configure:11951: result: yes
configure:11969: checking for stdlib.h
configure:11969: result: yes
configure:11979: checking for GNU libc compatible malloc
configure:12003: gcc -std=gnu99 -o conftest -Wall -Wextra -Wno-unused-parameter -O3   conftest.c -lm  >&5
configure:12003: $? = 0
configure:12003: ./conftest
configure:12003: $? = 0
configure:12013: result: yes
configure:12036: checking for stdlib.h
configure:12036: result: yes
configure:12046: checking for GNU libc compatible realloc
configure:12070: gcc -std=gnu99 -o conftest -Wall -Wextra -Wno-unused-parameter -O3   conftest.c -lm  >&5
configure:12070: $? = 0
configure:12070: ./conftest
configure:12070: $? = 0
configure:12080: result: yes
configure:12101: checking for working strtod
configure:12142: gcc -std=gnu99 -o conftest -Wall -Wextra -Wno-unused-parameter -O3   conftest.c -lm  >&5
conftest.c: In function 'main':
conftest.c:91:12: warning: ignoring return value of 'strtod', declared with attribute warn_unused_result [-Wunused-result]
configure:12142: $? = 0
configure:12142: ./conftest
configure:12142: $? = 0
configure:12152: result: yes
configure:12217: checking for atexit
configure:12217: gcc -std=gnu99 -o conftest -Wall -Wextra -Wno-unused-parameter -O3   conftest.c -lm  >&5
configure:12217: $? = 0
configure:12217: result: yes
configure:12217: checking for memmove
configure:12217: gcc -std=gnu99 -o conftest -Wall -Wextra -Wno-unused-parameter -O3   conftest.c -lm  >&5
conftest.c:60:6: warning: conflicting types for built-in function 'memmove' [enabled by default]
configure:12217: $? = 0
configure:12217: result: yes
configure:12217: checking for memset
configure:12217: gcc -std=gnu99 -o conftest -Wall -Wextra -Wno-unused-parameter -O3   conftest.c -lm  >&5
conftest.c:61:6: warning: conflicting types for built-in function 'memset' [enabled by default]
configure:12217: $? = 0
configure:12217: result: yes
configure:12217: checking for pow
configure:12217: gcc -std=gnu99 -o conftest -Wall -Wextra -Wno-unused-parameter -O3   conftest.c -lm  >&5
conftest.c:62:6: warning: conflicting types for built-in function 'pow' [enabled by default]
configure:12217: $? = 0
configure:12217: result: yes
configure:12217: checking for sqrt
configure:12217: gcc -std=gnu99 -o conftest -Wall -Wextra -Wno-unused-parameter -O3   conftest.c -lm  >&5
conftest.c:63:6: warning: conflicting types for built-in function 'sqrt' [enabled by default]
configure:12217: $? = 0
configure:12217: result: yes
configure:12217: checking for strchr
configure:12217: gcc -std=gnu99 -o conftest -Wall -Wextra -Wno-unused-parameter -O3   conftest.c -lm  >&5
conftest.c:64:6: warning: conflicting types for built-in function 'strchr' [enabled by default]
configure:12217: $? = 0
configure:12217: result: yes
configure:12217: checking for strpbrk
configure:12217: gcc -std=gnu99 -o conftest -Wall -Wextra -Wno-unused-parameter -O3   conftest.c -lm  >&5
conftest.c:65:6: warning: conflicting types for built-in function 'strpbrk' [enabled by default]
configure:12217: $? = 0
configure:12217: result: yes
configure:12217: checking for strstr
configure:12217: gcc -std=gnu99 -o conftest -Wall -Wextra -Wno-unused-parameter -O3   conftest.c -lm  >&5
conftest.c:66:6: warning: conflicting types for built-in function 'strstr' [enabled by default]
configure:12217: $? = 0
configure:12217: result: yes
configure:12217: checking for strtoul
configure:12217: gcc -std=gnu99 -o conftest -Wall -Wextra -Wno-unused-parameter -O3   conftest.c -lm  >&5
configure:12217: $? = 0
configure:12217: result: yes
configure:12359: creating ./config.status

## ---------------------- ##
## Running config.status. ##
## ---------------------- ##

This file was extended by rnn config.status 1.0, which was
generated by GNU Autoconf 2.69.  Invocation command line was

  CONFIG_FILES    = 
  CONFIG_HEADERS  = 
  CONFIG_LINKS    = 
  CONFIG_COMMANDS = 
  $ ./config.status 

on yiwen-OptiPlex-9020

config.status:1106: creating Makefile
config.status:1106: creating src/Makefile
config.status:1106: creating src/python/Makefile
config.status:1106: creating src/rnn-generate/Makefile
config.status:1106: creating src/rnn-learn/Makefile
config.status:1106: creating src/rnn-lyapunov/Makefile
config.status:1106: creating src/unit-test/Makefile
config.status:1106: creating config.h
config.status:1287: config.h is unchanged
config.status:1335: executing depfiles commands
config.status:1335: executing libtool commands

## ---------------- ##
## Cache variables. ##
## ---------------- ##

ac_cv_build=x86_64-unknown-linux-gnu
ac_cv_c_compiler_gnu=yes
ac_cv_c_inline=inline
ac_cv_c_restrict=__restrict
ac_cv_c_uint32_t=yes
ac_cv_env_CC_set=set
ac_cv_env_CC_value=gcc
ac_cv_env_CFLAGS_set=set
ac_cv_env_CFLAGS_value='-Wall -Wextra -Wno-unused-parameter -O3'
ac_cv_env_CPPFLAGS_set=
ac_cv_env_CPPFLAGS_value=
ac_cv_env_CPP_set=
ac_cv_env_CPP_value=
ac_cv_env_LDFLAGS_set=
ac_cv_env_LDFLAGS_value=
ac_cv_env_LIBS_set=
ac_cv_env_LIBS_value=
ac_cv_env_build_alias_set=
ac_cv_env_build_alias_value=
ac_cv_env_host_alias_set=
ac_cv_env_host_alias_value=
ac_cv_env_target_alias_set=
ac_cv_env_target_alias_value=
ac_cv_func_atexit=yes
ac_cv_func_malloc_0_nonnull=yes
ac_cv_func_memmove=yes
ac_cv_func_memset=yes
ac_cv_func_pow=yes
ac_cv_func_realloc_0_nonnull=yes
ac_cv_func_sqrt=yes
ac_cv_func_strchr=yes
ac_cv_func_strpbrk=yes
ac_cv_func_strstr=yes
ac_cv_func_strtod=yes
ac_cv_func_strtoul=yes
ac_cv_header_dlfcn_h=yes
ac_cv_header_float_h=yes
ac_cv_header_inttypes_h=yes
ac_cv_header_limits_h=yes
ac_cv_header_memory_h=yes
ac_cv_header_stdc=yes
ac_cv_header_stddef_h=yes
ac_cv_header_stdint_h=yes
ac_cv_header_stdlib_h=yes
ac_cv_header_string_h=yes
ac_cv_header_strings_h=yes
ac_cv_header_sys_stat_h=yes
ac_cv_header_sys_types_h=yes
ac_cv_header_unistd_h=yes
ac_cv_host=x86_64-unknown-linux-gnu
ac_cv_lib_m_main=yes
ac_cv_objext=o
ac_cv_path_EGREP='/bin/grep -E'
ac_cv_path_FGREP='/bin/grep -F'
ac_cv_path_GREP=/bin/grep
ac_cv_path_SED=/bin/sed
ac_cv_path_install='/usr/bin/install -c'
ac_cv_path_mkdir=/bin/mkdir
ac_cv_prog_AWK=mawk
ac_cv_prog_CPP='gcc -std=gnu99 -E'
ac_cv_prog_ac_ct_AR=ar
ac_cv_prog_ac_ct_CC=gcc
ac_cv_prog_ac_ct_MANIFEST_TOOL=mt
ac_cv_prog_ac_ct_OBJDUMP=objdump
ac_cv_prog_ac_ct_RANLIB=ranlib
ac_cv_prog_ac_ct_STRIP=strip
ac_cv_prog_c_openmp=-fopenmp
ac_cv_prog_cc_c89=
ac_cv_prog_cc_c99=-std=gnu99
ac_cv_prog_cc_g=yes
ac_cv_prog_make_make_set=yes
ac_cv_type_size_t=yes
ac_cv_type_ssize_t=yes
am_cv_CC_dependencies_compiler_type=gcc3
am_cv_ar_interface=ar
lt_cv_ar_at_file=@
lt_cv_archive_cmds_need_lc=no
lt_cv_deplibs_check_method=pass_all
lt_cv_file_magic_cmd='$MAGIC_CMD'
lt_cv_file_magic_test_file=
lt_cv_ld_reload_flag=-r
lt_cv_nm_interface='BSD nm'
lt_cv_objdir=.libs
lt_cv_path_LD=/usr/bin/ld
lt_cv_path_NM='/usr/bin/nm -B'
lt_cv_path_mainfest_tool=no
lt_cv_prog_compiler_c_o=yes
lt_cv_prog_compiler_pic='-fPIC -DPIC'
lt_cv_prog_compiler_pic_works=yes
lt_cv_prog_compiler_rtti_exceptions=no
lt_cv_prog_compiler_static_works=yes
lt_cv_prog_gnu_ld=yes
lt_cv_sharedlib_from_linklib_cmd='printf %s\n'
lt_cv_shlibpath_overrides_runpath=no
lt_cv_sys_global_symbol_pipe='sed -n -e '\''s/^.*[	 ]\([ABCDGIRSTW][ABCDGIRSTW]*\)[	 ][	 ]*\([_A-Za-z][_A-Za-z0-9]*\)$/\1 \2 \2/p'\'' | sed '\''/ __gnu_lto/d'\'''
lt_cv_sys_global_symbol_to_c_name_address='sed -n -e '\''s/^: \([^ ]*\)[ ]*$/  {\"\1\", (void *) 0},/p'\'' -e '\''s/^[ABCDGIRSTW]* \([^ ]*\) \([^ ]*\)$/  {"\2", (void *) \&\2},/p'\'''
lt_cv_sys_global_symbol_to_c_name_address_lib_prefix='sed -n -e '\''s/^: \([^ ]*\)[ ]*$/  {\"\1\", (void *) 0},/p'\'' -e '\''s/^[ABCDGIRSTW]* \([^ ]*\) \(lib[^ ]*\)$/  {"\2", (void *) \&\2},/p'\'' -e '\''s/^[ABCDGIRSTW]* \([^ ]*\) \([^ ]*\)$/  {"lib\2", (void *) \&\2},/p'\'''
lt_cv_sys_global_symbol_to_cdecl='sed -n -e '\''s/^T .* \(.*\)$/extern int \1();/p'\'' -e '\''s/^[ABCDGIRSTW]* .* \(.*\)$/extern char \1;/p'\'''
lt_cv_sys_max_cmd_len=1572864
lt_cv_to_host_file_cmd=func_convert_file_noop
lt_cv_to_tool_file_cmd=func_convert_file_noop

## ----------------- ##
## Output variables. ##
## ----------------- ##

ACLOCAL='${SHELL} /home/yiwen/rnn_pb_assign_threshold/missing --run aclocal-1.11'
AMDEPBACKSLASH='\'
AMDEP_FALSE='#'
AMDEP_TRUE=''
AMTAR='$${TAR-tar}'
AR='ar'
AUTOCONF='${SHELL} /home/yiwen/rnn_pb_assign_threshold/missing --run autoconf'
AUTOHEADER='${SHELL} /home/yiwen/rnn_pb_assign_threshold/missing --run autoheader'
AUTOMAKE='${SHELL} /home/yiwen/rnn_pb_assign_threshold/missing --run automake-1.11'
AWK='mawk'
CC='gcc -std=gnu99'
CCDEPMODE='depmode=gcc3'
CFLAGS='-Wall -Wextra -Wno-unused-parameter -O3'
CPP='gcc -std=gnu99 -E'
CPPFLAGS=''
CYGPATH_W='echo'
DEFS='-DHAVE_CONFIG_H'
DEPDIR='.deps'
DLLTOOL='false'
DSYMUTIL=''
DUMPBIN=''
ECHO_C=''
ECHO_N='-n'
ECHO_T=''
EGREP='/bin/grep -E'
EXEEXT=''
FGREP='/bin/grep -F'
GREP='/bin/grep'
INSTALL_DATA='${INSTALL} -m 644'
INSTALL_PROGRAM='${INSTALL}'
INSTALL_SCRIPT='${INSTALL}'
INSTALL_STRIP_PROGRAM='$(install_sh) -c -s'
LD='/usr/bin/ld -m elf_x86_64'
LDFLAGS=''
LIBOBJS=''
LIBS='-lm '
LIBTOOL='$(SHELL) $(top_builddir)/libtool'
LIPO=''
LN_S='ln -s'
LTLIBOBJS=''
MAKEINFO='${SHELL} /home/yiwen/rnn_pb_assign_threshold/missing --run makeinfo'
MANIFEST_TOOL=':'
MKDIR_P='/bin/mkdir -p'
NM='/usr/bin/nm -B'
NMEDIT=''
OBJDUMP='objdump'
OBJEXT='o'
OPENMP_CFLAGS='-fopenmp'
OTOOL64=''
OTOOL=''
PACKAGE='rnn'
PACKAGE_BUGREPORT='jnamika@gmail.com'
PACKAGE_NAME='rnn'
PACKAGE_STRING='rnn 1.0'
PACKAGE_TARNAME='rnn'
PACKAGE_URL=''
PACKAGE_VERSION='1.0'
PATH_SEPARATOR=':'
POW_LIB=''
RANLIB='ranlib'
SED='/bin/sed'
SET_MAKE=''
SHELL='/bin/bash'
STRIP='strip'
VERSION='1.0'
ac_ct_AR='ar'
ac_ct_CC='gcc'
ac_ct_DUMPBIN=''
am__EXEEXT_FALSE=''
am__EXEEXT_TRUE='#'
am__fastdepCC_FALSE='#'
am__fastdepCC_TRUE=''
am__include='include'
am__isrc=''
am__leading_dot='.'
am__nodep='_no'
am__quote=''
am__tar='$${TAR-tar} chof - "$$tardir"'
am__untar='$${TAR-tar} xf -'
bindir='${exec_prefix}/bin'
build='x86_64-unknown-linux-gnu'
build_alias=''
build_cpu='x86_64'
build_os='linux-gnu'
build_vendor='unknown'
datadir='${datarootdir}'
datarootdir='${prefix}/share'
docdir='${datarootdir}/doc/${PACKAGE_TARNAME}'
dvidir='${docdir}'
exec_prefix='${prefix}'
host='x86_64-unknown-linux-gnu'
host_alias=''
host_cpu='x86_64'
host_os='linux-gnu'
host_vendor='unknown'
htmldir='${docdir}'
includedir='${prefix}/include'
infodir='${datarootdir}/info'
install_sh='${SHELL} /home/yiwen/rnn_pb_assign_threshold/install-sh'
libdir='${exec_prefix}/lib'
libexecdir='${exec_prefix}/libexec'
localedir='${datarootdir}/locale'
localstatedir='${prefix}/var'
mandir='${datarootdir}/man'
mkdir_p='/bin/mkdir -p'
oldincludedir='/usr/include'
pdfdir='${docdir}'
prefix='/home/yiwen'
program_transform_name='s,x,x,'
psdir='${docdir}'
sbindir='${exec_prefix}/sbin'
sharedstatedir='${prefix}/com'
sysconfdir='${prefix}/etc'
target_alias=''

## ----------- ##
## confdefs.h. ##
## ----------- ##

/* confdefs.h */
#define PACKAGE_NAME "rnn"
#define PACKAGE_TARNAME "rnn"
#define PACKAGE_VERSION "1.0"
#define PACKAGE_STRING "rnn 1.0"
#define PACKAGE_BUGREPORT "jnamika@gmail.com"
#define PACKAGE_URL ""
#define PACKAGE "rnn"
#define VERSION "1.0"
#define STDC_HEADERS 1
#define HAVE_SYS_TYPES_H 1
#define HAVE_SYS_STAT_H 1
#define HAVE_STDLIB_H 1
#define HAVE_STRING_H 1
#define HAVE_MEMORY_H 1
#define HAVE_STRINGS_H 1
#define HAVE_INTTYPES_H 1
#define HAVE_STDINT_H 1
#define HAVE_UNISTD_H 1
#define HAVE_DLFCN_H 1
#define LT_OBJDIR ".libs/"
#define HAVE_LIBM 1
#define HAVE_FLOAT_H 1
#define HAVE_LIMITS_H 1
#define HAVE_STDDEF_H 1
#define HAVE_STDINT_H 1
#define HAVE_STDLIB_H 1
#define HAVE_STRING_H 1
#define HAVE_UNISTD_H 1
#define restrict __restrict
#define HAVE_STDLIB_H 1
#define HAVE_MALLOC 1
#define HAVE_STDLIB_H 1
#define HAVE_REALLOC 1
#define HAVE_ATEXIT 1
#define HAVE_MEMMOVE 1
#define HAVE_MEMSET 1
#define HAVE_POW 1
#define HAVE_SQRT 1
#define HAVE_STRCHR 1
#define HAVE_STRPBRK 1
#define HAVE_STRSTR 1
#define HAVE_STRTOUL 1

configure: exit 0
